============================================================
ASYMMETRIC EFFECTS (Table 3 col 6, Appendix B2)
============================================================

Data: 96564 obs, 10660 firms, years 1990-2019

MPS components:
  mps_pos (tightening): mean=0.0801, sd=0.0740, always >= 0
  mps_neg (easing):     mean=-0.0958, sd=0.0850, always <= 0
  |mps_pos + mps_neg - mps_orth| = 0.000000 (should be ~0)

--- (1) Sales ---
NOTE: 1,231/49 fixed-effect singletons were removed (1,280 observations).
--- (2) Debt ---
NOTE: 1,231/49 fixed-effect singletons were removed (1,280 observations).
--- (3) Leverage ---
NOTE: 1,231/49 fixed-effect singletons were removed (1,280 observations).
--- (4) COGS ---
NOTE: 1,231/49 fixed-effect singletons were removed (1,280 observations).
--- (5) Inventory ---
NOTES: 1,463 observations removed because of NA values (LHS: 1,463).
       1,230/48 fixed-effect singletons were removed (1,277 observations).
--- (6) Capex ---
NOTES: 1,681 observations removed because of NA values (LHS: 1,681).
       1,242/49 fixed-effect singletons were removed (1,290 observations).
--- (7) PP&E ---
NOTES: 387 observations removed because of NA values (LHS: 387).
       1,228/49 fixed-effect singletons were removed (1,276 observations).
--- (8) Operating income ---
NOTE: 1,231/49 fixed-effect singletons were removed (1,280 observations).
--- (9) Interest expense ---
NOTE: 1,231/49 fixed-effect singletons were removed (1,280 observations).
--- (10) Receivables ---
NOTES: 1,092 observations removed because of NA values (LHS: 1,092).
       1,233/53 fixed-effect singletons were removed (1,285 observations).

RESULTS TABLE (outcomes 1-5):

                     models[[1]]       models[[..     models[[...1
                           Sales             Debt         Leverage
Dependent Var.:      sale_growth       d_log_debt       d_leverage
                                                                  
mps_pos_x_vi           6.643**          5.381           -1.206    
                      (2.195)          (4.383)          (1.333)   
mps_neg_x_vi           7.850***         1.834           -2.191    
                      (1.425)          (2.651)          (1.336)   
vi_lag                 1.375**          0.1495          -0.3413   
                      (0.4187)         (0.6488)         (0.3109)  
log_size_lag          -0.2609***       -0.0881***       -0.0220   
                      (0.0100)         (0.0098)         (0.0127)  
leverage_lag           0.0473***       -0.2036***       -0.5463***
                      (0.0069)         (0.0090)         (0.0214)  
log_ppent_lag          0.0975***       -0.0258*          0.0152   
                      (0.0065)         (0.0099)         (0.0110)  
log_cash_lag           0.0276***        0.0637***        0.0058   
                      (0.0019)         (0.0051)         (0.0038)  
Fixed-Effects:       -----------       ----------       ----------
gvkey                        Yes              Yes              Yes
sic2-year                    Yes              Yes              Yes
_______________      ___________       __________       __________
S.E.: Clustered by: gvkey & year by: gvkey & year by: gvkey & year
Observations              95,284           95,284           95,284
R2                       0.31000          0.11910          0.33867

                    models[[...2     models[[...3
                            COGS        Inventory
Dependent Var.:       d_log_cogs       d_log_invt
                                                 
mps_pos_x_vi           5.823*           2.226    
                      (2.389)          (2.198)   
mps_neg_x_vi           7.028***         5.220**  
                      (1.462)          (1.689)   
vi_lag                 0.7425           0.6255   
                      (0.4275)         (0.3358)  
log_size_lag          -0.1399***       -0.0120   
                      (0.0092)         (0.0064)  
leverage_lag          -0.0035          -0.0121** 
                      (0.0059)         (0.0039)  
log_ppent_lag          0.0452***       -0.0554***
                      (0.0060)         (0.0063)  
log_cash_lag           0.0260***        0.0275***
                      (0.0023)         (0.0025)  
Fixed-Effects:        ----------       ----------
gvkey                        Yes              Yes
sic2-year                    Yes              Yes
_______________       __________       __________
S.E.: Clustered by: gvkey & year by: gvkey & year
Observations              95,284           93,824
R2                       0.19457          0.15244
---
Signif. codes: 0 '***' 0.001 '**' 0.01 '*' 0.05 '.' 0.1 ' ' 1

RESULTS TABLE (outcomes 6-10):

                     models[[6]]      models[[7]]       models[[..
                           Capex             PP&E Operating income
Dependent Var.:      d_log_capex      d_log_ppent         d_log_oi
                                                                  
mps_pos_x_vi          11.44             1.654            3.703    
                      (6.718)          (1.418)          (9.548)   
mps_neg_x_vi          10.75*            3.510**         19.60     
                      (4.458)          (1.231)          (9.851)   
vi_lag                 2.324*           1.089**          2.644*   
                      (0.8718)         (0.3033)         (0.9695)  
log_size_lag           0.1198***        0.1025***       -0.2748***
                      (0.0099)         (0.0068)         (0.0206)  
leverage_lag          -0.0060          -0.0111*          0.0315** 
                      (0.0061)         (0.0041)         (0.0089)  
log_ppent_lag         -0.3672***       -0.2349***       -0.0096   
                      (0.0178)         (0.0099)         (0.0169)  
log_cash_lag           0.0807***        0.0484***       -0.0668***
                      (0.0043)         (0.0027)         (0.0079)  
Fixed-Effects:       -----------      -----------       ----------
gvkey                        Yes              Yes              Yes
sic2-year                    Yes              Yes              Yes
_______________      ___________      ___________       __________
S.E.: Clustered by: gvkey & year by: gvkey & year by: gvkey & year
Observations              93,593           94,901           95,284
R2                       0.19072          0.30156          0.11944

                    models[[...1     models[[...2
                Interest expense      Receivables
Dependent Var.:       d_log_xint       d_log_rect
                                                 
mps_pos_x_vi           3.127            1.428    
                      (4.843)          (3.392)   
mps_neg_x_vi           8.371*           5.609**  
                      (3.894)          (1.754)   
vi_lag                -0.0978           1.287**  
                      (1.015)          (0.3672)  
log_size_lag          -0.1192***       -0.0633***
                      (0.0136)         (0.0078)  
leverage_lag          -0.0086          -0.0093   
                      (0.0107)         (0.0052)  
log_ppent_lag          0.1044***       -0.0415***
                      (0.0107)         (0.0072)  
log_cash_lag           0.0032           0.0244***
                      (0.0078)         (0.0016)  
Fixed-Effects:        ----------       ----------
gvkey                        Yes              Yes
sic2-year                    Yes              Yes
_______________       __________       __________
S.E.: Clustered by: gvkey & year by: gvkey & year
Observations              95,284           94,187
R2                       0.08190          0.16810
---
Signif. codes: 0 '***' 0.001 '**' 0.01 '*' 0.05 '.' 0.1 ' ' 1

SUMMARY: beta1 (tightening) vs beta2 (easing), and H0: beta1 = beta2

| Outcome          | beta1   |    t  | beta2   |    t  | diff   | SE(d) |  p    |
|------------------|---------|-------|---------|-------|--------|-------|-------|
| Sales            |    6.64 |  3.03 |    7.85 |  5.51 |  -1.21 |  2.35 | 0.607 |
| Debt             |    5.38 |  1.23 |    1.83 |  0.69 |   3.55 |  3.93 | 0.366 |
| Leverage         |   -1.21 | -0.90 |   -2.19 | -1.64 |   0.98 |  1.25 | 0.431 |
| COGS             |    5.82 |  2.44 |    7.03 |  4.81 |  -1.21 |  2.95 | 0.682 |
| Inventory        |    2.23 |  1.01 |    5.22 |  3.09 |  -2.99 |  1.59 | 0.060 |
| Capex            |   11.44 |  1.70 |   10.75 |  2.41 |   0.69 |  6.07 | 0.910 |
| PP&E             |    1.65 |  1.17 |    3.51 |  2.85 |  -1.86 |  1.25 | 0.138 |
| Operating income |    3.70 |  0.39 |   19.60 |  1.99 | -15.90 |  9.53 | 0.095 |
| Interest expense |    3.13 |  0.65 |    8.37 |  2.15 |  -5.24 |  5.51 | 0.342 |
| Receivables      |    1.43 |  0.42 |    5.61 |  3.20 |  -4.18 |  3.72 | 0.261 |

Equal coefficients (p > 0.05) = symmetric attenuation.
Saved: output/tables/asymmetric_coefs.csv
