Loading required package: SparseM
============================================================
QUANTILE REGRESSION (Figure 2, Appendix B3)
Started: 2026-06-06 21:52:38 
============================================================

Data: 96564 obs, 10660 firms

============================================================
QUANTILE REGRESSION: Sale Growth (sale_growth)
============================================================

  tau = 0.10 ... gamma = 4.12 (SE = 1.14, t = 3.62) [3.3 sec]
  tau = 0.25 ... gamma = 4.57 (SE = 0.54, t = 8.42) [3.4 sec]
  tau = 0.50 ... gamma = 5.37 (SE = 0.31, t = 17.29) [4.8 sec]
  tau = 0.75 ... gamma = 6.51 (SE = 0.50, t = 13.03) [5.5 sec]
  tau = 0.90 ... gamma = 7.68 (SE = 1.07, t = 7.16) [5.5 sec]

  H0: gamma_0.10 = gamma_0.90: diff = -3.56 (SE = 1.56, t = -2.27, p = 0.023) -> REJECT

============================================================
QUANTILE REGRESSION: Debt Growth (d_log_debt)
============================================================

  tau = 0.10 ... gamma = -2.36 (SE = 1.96, t = -1.21) [2.7 sec]
  tau = 0.25 ... gamma = -0.70 (SE = 1.03, t = -0.68) [3.4 sec]
  tau = 0.50 ... gamma = 0.73 (SE = 0.14, t = 5.22) [4.7 sec]
  tau = 0.75 ... gamma = 4.64 (SE = 0.93, t = 4.97) [3.2 sec]
  tau = 0.90 ... gamma = 3.43 (SE = 2.82, t = 1.22) [3.3 sec]

  H0: gamma_0.10 = gamma_0.90: diff = -5.79 (SE = 3.43, t = -1.69, p = 0.091) -> fail to reject

============================================================
QUANTILE REGRESSION: D Leverage (d_leverage)
============================================================

  tau = 0.10 ... gamma = 0.09 (SE = 0.12, t = 0.74) [8.4 sec]
  tau = 0.25 ... gamma = -0.40 (SE = 0.05, t = -7.55) [5 sec]
  tau = 0.50 ... gamma = -0.50 (SE = 0.04, t = -11.25) [3.8 sec]
  tau = 0.75 ... gamma = -0.66 (SE = 0.21, t = -3.19) [3.2 sec]
  tau = 0.90 ... gamma = -0.88 (SE = 0.70, t = -1.26) [3.2 sec]

  H0: gamma_0.10 = gamma_0.90: diff = 0.97 (SE = 0.71, t = 1.37, p = 0.170) -> fail to reject

============================================================
QUANTILE REGRESSION: COGS Growth (d_log_cogs)
============================================================

  tau = 0.10 ... gamma = 1.16 (SE = 1.17, t = 0.99) [2.9 sec]
  tau = 0.25 ... gamma = 4.20 (SE = 0.50, t = 8.44) [3 sec]
  tau = 0.50 ... gamma = 5.48 (SE = 0.42, t = 12.97) [3.9 sec]
  tau = 0.75 ... gamma = 6.62 (SE = 0.32, t = 20.95) [5.1 sec]
  tau = 0.90 ... gamma = 8.56 (SE = 1.09, t = 7.88) [4.6 sec]

  H0: gamma_0.10 = gamma_0.90: diff = -7.40 (SE = 1.60, t = -4.63, p = 0.000) -> REJECT

============================================================
QUANTILE REGRESSION: Inventory (d_log_invt)
============================================================

  tau = 0.10 ... gamma = 1.99 (SE = 1.34, t = 1.49) [2.4 sec]
  tau = 0.25 ... gamma = 4.65 (SE = 0.67, t = 6.90) [2.7 sec]
  tau = 0.50 ... gamma = 4.42 (SE = 0.23, t = 18.89) [5.4 sec]
  tau = 0.75 ... gamma = 6.40 (SE = 0.56, t = 11.34) [3.7 sec]
  tau = 0.90 ... gamma = 5.80 (SE = 1.37, t = 4.22) [3.7 sec]

  H0: gamma_0.10 = gamma_0.90: diff = -3.80 (SE = 1.92, t = -1.98, p = 0.048) -> REJECT

============================================================
QUANTILE REGRESSION: Capex (d_log_capex)
============================================================

  tau = 0.10 ... gamma = 4.10 (SE = 3.00, t = 1.37) [3.3 sec]
  tau = 0.25 ... gamma = 6.07 (SE = 1.38, t = 4.39) [3.5 sec]
  tau = 0.50 ... gamma = 6.12 (SE = 1.40, t = 4.38) [2.6 sec]
  tau = 0.75 ... gamma = 7.19 (SE = 1.51, t = 4.75) [3.6 sec]
  tau = 0.90 ... gamma = 1.76 (SE = 2.51, t = 0.70) [3.5 sec]

  H0: gamma_0.10 = gamma_0.90: diff = 2.34 (SE = 3.91, t = 0.60, p = 0.549) -> fail to reject

============================================================
QUANTILE REGRESSION: PP&E (d_log_ppent)
============================================================

  tau = 0.10 ... gamma = -3.68 (SE = 1.13, t = -3.26) [2.9 sec]
  tau = 0.25 ... gamma = -0.69 (SE = 0.41, t = -1.69) [3.4 sec]
  tau = 0.50 ... gamma = 1.60 (SE = 0.26, t = 6.12) [3.4 sec]
  tau = 0.75 ... gamma = 1.43 (SE = 0.55, t = 2.61) [3.9 sec]
  tau = 0.90 ... gamma = 2.75 (SE = 0.76, t = 3.64) [4.1 sec]

  H0: gamma_0.10 = gamma_0.90: diff = -6.43 (SE = 1.36, t = -4.73, p = 0.000) -> REJECT

============================================================
QUANTILE REGRESSION: Op. Income (d_log_oi)
============================================================

  tau = 0.10 ... gamma = 47.36 (SE = 11.58, t = 4.09) [2.3 sec]
  tau = 0.25 ... gamma = 16.60 (SE = 1.88, t = 8.85) [2.6 sec]
  tau = 0.50 ... gamma = 4.55 (SE = 0.28, t = 16.50) [3.4 sec]
  tau = 0.75 ... gamma = 7.70 (SE = 0.97, t = 7.95) [3.7 sec]
  tau = 0.90 ... gamma = 7.11 (SE = 4.61, t = 1.54) [3.7 sec]

  H0: gamma_0.10 = gamma_0.90: diff = 40.25 (SE = 12.46, t = 3.23, p = 0.001) -> REJECT

============================================================
QUANTILE REGRESSION: Interest (d_log_xint)
============================================================

  tau = 0.10 ... gamma = 0.41 (SE = 2.11, t = 0.19) [2.5 sec]
  tau = 0.25 ... gamma = 2.03 (SE = 0.63, t = 3.21) [2.6 sec]
  tau = 0.50 ... gamma = 0.94 (SE = 0.22, t = 4.33) [5.2 sec]
  tau = 0.75 ... gamma = 5.02 (SE = 1.13, t = 4.43) [4 sec]
  tau = 0.90 ... gamma = 6.82 (SE = 4.25, t = 1.60) [3.8 sec]

  H0: gamma_0.10 = gamma_0.90: diff = -6.41 (SE = 4.75, t = -1.35, p = 0.177) -> fail to reject

============================================================
QUANTILE REGRESSION: Receivables (d_log_rect)
============================================================

  tau = 0.10 ... gamma = -0.89 (SE = 1.47, t = -0.61) [3.2 sec]
  tau = 0.25 ... gamma = 1.55 (SE = 0.87, t = 1.78) [2.7 sec]
  tau = 0.50 ... gamma = 4.53 (SE = 0.55, t = 8.20) [3.2 sec]
  tau = 0.75 ... gamma = 4.22 (SE = 0.62, t = 6.79) [4.2 sec]
  tau = 0.90 ... gamma = 3.73 (SE = 1.47, t = 2.53) [4 sec]

  H0: gamma_0.10 = gamma_0.90: diff = -4.62 (SE = 2.08, t = -2.22, p = 0.026) -> REJECT

There were 50 or more warnings (use warnings() to see the first 50)
============================================================
COMBINED SUMMARY: gamma (MPS x VI) by quantile
============================================================

| Outcome      | t=0.10 | t=0.25 | t=0.50 | t=0.75 | t=0.90 |
|--------------|--------|--------|--------|--------|--------|
| Sale Growth  |   4.12 |   4.57 |   5.37 |   6.51 |   7.68 |
| Debt Growth  |  -2.36 |  -0.70 |   0.73 |   4.64 |   3.43 |
| D Leverage   |   0.09 |  -0.40 |  -0.50 |  -0.66 |  -0.88 |
| COGS Growth  |   1.16 |   4.20 |   5.48 |   6.62 |   8.56 |
| Inventory    |   1.99 |   4.65 |   4.42 |   6.40 |   5.80 |
| Capex        |   4.10 |   6.07 |   6.12 |   7.19 |   1.76 |
| PP&E         |  -3.68 |  -0.69 |   1.60 |   1.43 |   2.75 |
| Op. Income   |  47.36 |  16.60 |   4.55 |   7.70 |   7.11 |
| Interest     |   0.41 |   2.03 |   0.94 |   5.02 |   6.82 |
| Receivables  |  -0.89 |   1.55 |   4.53 |   4.22 |   3.73 |

Saved: output/tables/quantile_all_outcomes.csv

Finished: 2026-06-06 21:55:44 
